<?xml version="1.0" encoding="UTF-8"?>
<!-- Generated by org.testng.reporters.JUnitXMLReporter -->
<testsuite hostname="LAPTOP-N0G0NBDP" ignored="0" name="Default test" tests="4" failures="0" timestamp="24 Apr 2021 00:30:41 GMT" time="0.356" errors="0">
  <testcase name="Createemail" time="0.031" classname="com.qa.testNGScripts.TestNGAnnotationDemo"/>
  <testcase name="searchemail" time="0.005" classname="com.qa.testNGScripts.TestNGAnnotationDemo"/>
  <testcase name="Modifyemail" time="0.006" classname="com.qa.testNGScripts.TestNGAnnotationDemo"/>
  <testcase name="Deleteemail" time="0.003" classname="com.qa.testNGScripts.TestNGAnnotationDemo"/>
</testsuite> <!-- Default test -->
